# JRE version: Java(TM) SE Runtime Environment (8.0_171-b11) (build 1.8.0_171-b11)
# Java VM: Java HotSpot(TM) 64-Bit Server VM (25.171-b11 mixed mode linux-amd64 compressed oops)
Heap:
 PSYoungGen      total 124416K, used 104320K [0x0000000782f00000, 0x000000078ec80000, 0x00000007c0000000)
  eden space 110080K, 85% used [0x0000000782f00000,0x0000000788aa9f68,0x0000000789a80000)
  from space 14336K, 72% used [0x0000000789a80000,0x000000078a4b6468,0x000000078a880000)
  to   space 14336K, 0% used [0x000000078de80000,0x000000078de80000,0x000000078ec80000)
 ParOldGen       total 126464K, used 17303K [0x0000000708c00000, 0x0000000710780000, 0x0000000782f00000)
  object space 126464K, 13% used [0x0000000708c00000,0x0000000709ce5db0,0x0000000710780000)
 Metaspace       used 40871K, capacity 42878K, committed 43136K, reserved 1087488K
  class space    used 5313K, capacity 5652K, committed 5760K, reserved 1048576K
GC Heap History (10 events):
Event: 4.977 GC heap before
{Heap before GC invocations=5 (full 1):
 PSYoungGen      total 54784K, used 47104K [0x0000000782f00000, 0x0000000789a00000, 0x00000007c0000000)
  eden space 47104K, 100% used [0x0000000782f00000,0x0000000785d00000,0x0000000785d00000)
  from space 7680K, 0% used [0x0000000785d00000,0x0000000785d00000,0x0000000786480000)
  to   space 7680K, 0% used [0x0000000789280000,0x0000000789280000,0x0000000789a00000)
 ParOldGen       total 76800K, used 6418K [0x0000000708c00000, 0x000000070d700000, 0x0000000782f00000)
  object space 76800K, 8% used [0x0000000708c00000,0x00000007092449e8,0x000000070d700000)
 Metaspace       used 26078K, capacity 27006K, committed 27264K, reserved 1073152K
  class space    used 3382K, capacity 3614K, committed 3712K, reserved 1048576K
Event: 4.990 GC heap after
Heap after GC invocations=5 (full 1):
 PSYoungGen      total 79872K, used 7670K [0x0000000782f00000, 0x0000000789a00000, 0x00000007c0000000)
  eden space 72192K, 0% used [0x0000000782f00000,0x0000000782f00000,0x0000000787580000)
  from space 7680K, 99% used [0x0000000789280000,0x00000007899fd8a8,0x0000000789a00000)
  to   space 7680K, 0% used [0x0000000788b00000,0x0000000788b00000,0x0000000789280000)
 ParOldGen       total 76800K, used 8318K [0x0000000708c00000, 0x000000070d700000, 0x0000000782f00000)
  object space 76800K, 10% used [0x0000000708c00000,0x000000070941fb98,0x000000070d700000)
 Metaspace       used 26078K, capacity 27006K, committed 27264K, reserved 1073152K
  class space    used 3382K, capacity 3614K, committed 3712K, reserved 1048576K
}
Event: 6.361 GC heap before
{Heap before GC invocations=6 (full 1):
 PSYoungGen      total 79872K, used 79862K [0x0000000782f00000, 0x0000000789a00000, 0x00000007c0000000)
  eden space 72192K, 100% used [0x0000000782f00000,0x0000000787580000,0x0000000787580000)
  from space 7680K, 99% used [0x0000000789280000,0x00000007899fd8a8,0x0000000789a00000)
  to   space 7680K, 0% used [0x0000000788b00000,0x0000000788b00000,0x0000000789280000)
 ParOldGen       total 76800K, used 8318K [0x0000000708c00000, 0x000000070d700000, 0x0000000782f00000)
  object space 76800K, 10% used [0x0000000708c00000,0x000000070941fb98,0x000000070d700000)
 Metaspace       used 31432K, capacity 32772K, committed 33024K, reserved 1077248K
  class space    used 4032K, capacity 4297K, committed 4352K, reserved 1048576K
Event: 6.374 GC heap after
Heap after GC invocations=6 (full 1):
 PSYoungGen      total 101888K, used 7664K [0x0000000782f00000, 0x000000078b680000, 0x00000007c0000000)
  eden space 94208K, 0% used [0x0000000782f00000,0x0000000782f00000,0x0000000788b00000)
  from space 7680K, 99% used [0x0000000788b00000,0x000000078927c030,0x0000000789280000)
  to   space 14336K, 0% used [0x000000078a880000,0x000000078a880000,0x000000078b680000)
 ParOldGen       total 76800K, used 14452K [0x0000000708c00000, 0x000000070d700000, 0x0000000782f00000)
  object space 76800K, 18% used [0x0000000708c00000,0x0000000709a1d298,0x000000070d700000)
 Metaspace       used 31432K, capacity 32772K, committed 33024K, reserved 1077248K
  class space    used 4032K, capacity 4297K, committed 4352K, reserved 1048576K
}
Event: 7.035 GC heap before
{Heap before GC invocations=7 (full 1):
 PSYoungGen      total 101888K, used 38869K [0x0000000782f00000, 0x000000078b680000, 0x00000007c0000000)
  eden space 94208K, 33% used [0x0000000782f00000,0x0000000784d79518,0x0000000788b00000)
  from space 7680K, 99% used [0x0000000788b00000,0x000000078927c030,0x0000000789280000)
  to   space 14336K, 0% used [0x000000078a880000,0x000000078a880000,0x000000078b680000)
 ParOldGen       total 76800K, used 14452K [0x0000000708c00000, 0x000000070d700000, 0x0000000782f00000)
  object space 76800K, 18% used [0x0000000708c00000,0x0000000709a1d298,0x000000070d700000)
 Metaspace       used 34017K, capacity 35360K, committed 35416K, reserved 1081344K
  class space    used 4328K, capacity 4583K, committed 4608K, reserved 1048576K
Event: 7.047 GC heap after
Heap after GC invocations=7 (full 1):
 PSYoungGen      total 124416K, used 10535K [0x0000000782f00000, 0x000000078db00000, 0x00000007c0000000)
  eden space 110080K, 0% used [0x0000000782f00000,0x0000000782f00000,0x0000000789a80000)
  from space 14336K, 73% used [0x000000078a880000,0x000000078b2c9ed0,0x000000078b680000)
  to   space 14336K, 0% used [0x0000000789a80000,0x0000000789a80000,0x000000078a880000)
 ParOldGen       total 76800K, used 14460K [0x0000000708c00000, 0x000000070d700000, 0x0000000782f00000)
  object space 76800K, 18% used [0x0000000708c00000,0x0000000709a1f298,0x000000070d700000)
 Metaspace       used 34017K, capacity 35360K, committed 35416K, reserved 1081344K
  class space    used 4328K, capacity 4583K, committed 4608K, reserved 1048576K
}
Event: 7.047 GC heap before
{Heap before GC invocations=8 (full 2):
 PSYoungGen      total 124416K, used 10535K [0x0000000782f00000, 0x000000078db00000, 0x00000007c0000000)
  eden space 110080K, 0% used [0x0000000782f00000,0x0000000782f00000,0x0000000789a80000)
  from space 14336K, 73% used [0x000000078a880000,0x000000078b2c9ed0,0x000000078b680000)
  to   space 14336K, 0% used [0x0000000789a80000,0x0000000789a80000,0x000000078a880000)
 ParOldGen       total 76800K, used 14460K [0x0000000708c00000, 0x000000070d700000, 0x0000000782f00000)
  object space 76800K, 18% used [0x0000000708c00000,0x0000000709a1f298,0x000000070d700000)
 Metaspace       used 34017K, capacity 35360K, committed 35416K, reserved 1081344K
  class space    used 4328K, capacity 4583K, committed 4608K, reserved 1048576K
Event: 7.106 GC heap after
Heap after GC invocations=8 (full 2):
 PSYoungGen      total 124416K, used 0K [0x0000000782f00000, 0x000000078db00000, 0x00000007c0000000)
  eden space 110080K, 0% used [0x0000000782f00000,0x0000000782f00000,0x0000000789a80000)
  from space 14336K, 0% used [0x000000078a880000,0x000000078a880000,0x000000078b680000)
  to   space 14336K, 0% used [0x0000000789a80000,0x0000000789a80000,0x000000078a880000)
 ParOldGen       total 126464K, used 17295K [0x0000000708c00000, 0x0000000710780000, 0x0000000782f00000)
  object space 126464K, 13% used [0x0000000708c00000,0x0000000709ce3db0,0x0000000710780000)
 Metaspace       used 34017K, capacity 35360K, committed 35416K, reserved 1081344K
  class space    used 4328K, capacity 4583K, committed 4608K, reserved 1048576K
}
Event: 8.705 GC heap before
{Heap before GC invocations=9 (full 2):
 PSYoungGen      total 124416K, used 110080K [0x0000000782f00000, 0x000000078db00000, 0x00000007c0000000)
  eden space 110080K, 100% used [0x0000000782f00000,0x0000000789a80000,0x0000000789a80000)
  from space 14336K, 0% used [0x000000078a880000,0x000000078a880000,0x000000078b680000)
  to   space 14336K, 0% used [0x0000000789a80000,0x0000000789a80000,0x000000078a880000)
 ParOldGen       total 126464K, used 17295K [0x0000000708c00000, 0x0000000710780000, 0x0000000782f00000)
  object space 126464K, 13% used [0x0000000708c00000,0x0000000709ce3db0,0x0000000710780000)
 Metaspace       used 40079K, capacity 42050K, committed 42240K, reserved 1085440K
  class space    used 5255K, capacity 5600K, committed 5632K, reserved 1048576K
Event: 8.726 GC heap after
Heap after GC invocations=9 (full 2):
 PSYoungGen      total 124416K, used 10457K [0x0000000782f00000, 0x000000078ec80000, 0x00000007c0000000)
  eden space 110080K, 0% used [0x0000000782f00000,0x0000000782f00000,0x0000000789a80000)
  from space 14336K, 72% used [0x0000000789a80000,0x000000078a4b6468,0x000000078a880000)
  to   space 14336K, 0% used [0x000000078de80000,0x000000078de80000,0x000000078ec80000)
 ParOldGen       total 126464K, used 17303K [0x0000000708c00000, 0x0000000710780000, 0x0000000782f00000)
  object space 126464K, 13% used [0x0000000708c00000,0x0000000709ce5db0,0x0000000710780000)
 Metaspace       used 40079K, capacity 42050K, committed 42240K, reserved 1085440K
  class space    used 5255K, capacity 5600K, committed 5632K, reserved 1048576K
}

